
{"level":"info","message":"Info message"}
{"level":"warning","message":"Warning message"}
{"level":"error","message":"Error message"}
{"level":"fatal","message":"Fatal message"}
{"level":"error","message":"13:32:49 - Error to restore password"}
{"level":"error","message":"18:33:32 - Error to get product"}
{"level":"error","message":"19:02:13 - Error to create product"}
{"level":"error","message":"19:02:20 - Error to create product"}
{"level":"error","message":"19:04:14 - Error to create product"}
{"kind":"ObjectId","level":"error","message":"Error Cast to ObjectId failed for value \"css\" (type string) at path \"_id\" for model \"products\"","path":"_id","reason":{},"stack":"CastError: Cast to ObjectId failed for value \"css\" (type string) at path \"_id\" for model \"products\"\n    at SchemaObjectId.cast (C:\\Users\\Pali\\Desktop\\CoderHouse\\coderhouse\\entrega14\\node_modules\\mongoose\\lib\\schema\\objectId.js:250:11)\n    at SchemaType.applySetters (C:\\Users\\Pali\\Desktop\\CoderHouse\\coderhouse\\entrega14\\node_modules\\mongoose\\lib\\schemaType.js:1219:12)\n    at SchemaType.castForQuery (C:\\Users\\Pali\\Desktop\\CoderHouse\\coderhouse\\entrega14\\node_modules\\mongoose\\lib\\schemaType.js:1633:15)\n    at cast (C:\\Users\\Pali\\Desktop\\CoderHouse\\coderhouse\\entrega14\\node_modules\\mongoose\\lib\\cast.js:375:32)\n    at Query.cast (C:\\Users\\Pali\\Desktop\\CoderHouse\\coderhouse\\entrega14\\node_modules\\mongoose\\lib\\query.js:4768:12)\n    at Query._castConditions (C:\\Users\\Pali\\Desktop\\CoderHouse\\coderhouse\\entrega14\\node_modules\\mongoose\\lib\\query.js:2200:10)\n    at model.Query._findOne (C:\\Users\\Pali\\Desktop\\CoderHouse\\coderhouse\\entrega14\\node_modules\\mongoose\\lib\\query.js:2484:8)\n    at model.Query.exec (C:\\Users\\Pali\\Desktop\\CoderHouse\\coderhouse\\entrega14\\node_modules\\mongoose\\lib\\query.js:4290:80)\n    at process.processTicksAndRejections (node:internal/process/task_queues:95:5)\n    at async updateProductPage (file:///C:/Users/Pali/Desktop/CoderHouse/coderhouse/entrega14/src/controllers/views.controller.js:88:19)","stringValue":"\"css\"","value":"css","valueType":"string"}
{"level":"error","message":"19:12:03 - Error to restore password"}
{"level":"error","message":"19:13:31 - Error to restore password"}
{"level":"error","message":"19:14:43 - Error to restore password"}
{"level":"error","message":"19:14:55 - Error to restore password"}
{"level":"error","message":"19:15:42 - Error to restore password"}
{"level":"error","message":"19:15:55 - Error to restore password"}
{"level":"error","message":"19:17:03 - Error to restore password"}
{"level":"error","message":"19:26:04 - Error to restore password"}
{"level":"error","message":"19:27:03 - Error to restore password"}
{"level":"error","message":"19:27:25 - Error to restore password"}
{"level":"error","message":"19:28:06 - Error to restore password"}
{"level":"error","message":"19:28:32 - Error to restore password"}
{"level":"error","message":"19:28:45 - Error to restore password"}
{"level":"error","message":"19:29:07 - Error to restore password"}
{"level":"error","message":"19:30:02 - Error to restore password"}
{"level":"error","message":"19:33:23 - Error to restore password"}
{"level":"error","message":"6:14:52 - User not found"}
{"level":"warning","message":""}
{"level":"warning","message":""}
{"level":"error","message":"21:34:34 - Error to create product"}
{"level":"error","message":"21:35:11 - Error to create product"}
{"level":"error","message":"21:37:28 - Error to create product"}
{"level":"error","message":"21:38:07 - Error to create product"}
{"level":"warning","message":""}
{"level":"warning","message":""}
{"level":"error","message":"15:50:38 - Error to add product"}
{"level":"error","message":"15:51:09 - Error to add product"}
{"level":"error","message":"15:51:32 - Error to add product"}
{"level":"error","message":"15:52:09 - Error to add product"}
{"level":"error","message":"15:53:16 - Error to add product"}
{"level":"error","message":"15:53:45 - Error to add product"}
{"level":"error","message":"15:54:33 - Error to add product"}
{"level":"error","message":"15:58:21 - Error to add product"}
{"level":"error","message":"16:02:13 - Error to add product"}
{"level":"error","message":"16:12:59 - Error to add product"}
{"level":"error","message":"16:13:15 - Error to add product"}
{"level":"error","message":"16:16:29 - Error to add product"}
{"level":"error","message":"16:17:45 - Error to add product"}
{"level":"error","message":"16:19:27 - Error to add product"}
{"level":"error","message":"16:20:46 - Error to add product"}
{"level":"error","message":"16:27:23 - Error to add product"}
{"level":"error","message":"16:28:23 - Error to add product"}
{"level":"error","message":"16:28:26 - Error to add product"}
{"level":"error","message":"16:30:08 - Error to add product"}
{"level":"error","message":"16:32:24 - Error to add product"}
{"level":"error","message":"16:36:07 - Error to add product"}
{"level":"error","message":"16:36:11 - Error to add product"}
{"level":"error","message":"16:36:40 - Error to add product"}
{"level":"error","message":"16:36:53 - Error to add product"}
{"level":"error","message":"16:37:50 - Error to add product"}
{"level":"error","message":"17:43:45 - Error to update user"}
{"level":"error","message":"17:44:01 - Error to update user"}
{"level":"error","message":"17:45:29 - Error to update user"}
{"level":"error","message":"17:45:52 - Error to update user"}
{"level":"error","message":"17:46:31 - Error to update user"}
{"level":"error","message":"17:48:15 - Error to update user"}
{"level":"error","message":"17:50:38 - Error to update user"}
{"level":"error","message":"17:50:56 - Error to update user"}
{"level":"error","message":"17:52:56 - Error to update user"}
{"level":"error","message":"20:31:54 - Error to add product"}
{"level":"error","message":"20:48:06 - Error to update product"}
{"level":"error","message":"20:49:10 - Error to update product"}
{"level":"error","message":"20:53:18 - Error to update product"}
{"level":"error","message":"20:53:52 - Error to update product"}
{"level":"error","message":"20:54:57 - Error to update product"}
{"level":"error","message":"20:55:48 - Error to update product"}
{"level":"error","message":"20:56:03 - Error to update product"}
{"level":"error","message":"20:56:40 - Error to update product"}
{"level":"error","message":"20:57:42 - Error to update product"}
{"level":"error","message":"20:58:13 - Error to update product"}
{"level":"error","message":"20:58:42 - Error to update product"}
{"level":"error","message":"20:59:05 - Error to update product"}
{"level":"error","message":"21:00:49 - Error to update product"}
{"level":"error","message":"21:02:03 - Error to update product"}
{"level":"error","message":"21:03:17 - Error to update product"}
{"level":"info","message":"21:04:56 - Cart Updated"}
{"level":"info","message":"21:05:47 - Cart Updated"}
{"level":"info","message":"21:05:53 - Cart Updated"}
{"level":"info","message":"21:07:17 - Cart Updated"}
{"level":"error","message":"21:08:01 - Error to update product"}
{"level":"error","message":"21:08:35 - Error to update product"}
{"level":"error","message":"21:08:59 - Error to update product"}
{"level":"error","message":"21:09:26 - Error to update product"}
{"level":"error","message":"21:11:03 - Error to update product"}
{"level":"error","message":"21:12:40 - Error to update product"}
{"level":"error","message":"21:13:14 - Error to update product"}
{"level":"error","message":"10:47:19 - Error to update product"}
{"level":"error","message":"10:48:24 - Error to update product"}
{"level":"error","message":"10:49:30 - Error to update product"}
{"level":"error","message":"10:51:31 - Error to update product"}
{"level":"error","message":"10:51:43 - Error to update product"}
{"level":"error","message":"10:52:53 - Error to update product"}
{"level":"error","message":"10:54:04 - Error to update product"}
{"level":"error","message":"10:54:31 - Error to update product"}
{"level":"error","message":"10:54:50 - Error to update product"}
{"level":"error","message":"10:55:25 - Error to update product"}
{"level":"error","message":"10:55:59 - Error to update product"}
{"level":"error","message":"10:56:56 - Error to update product"}
{"level":"error","message":"10:57:18 - Error to update product"}
{"level":"error","message":"10:59:12 - Error to update product"}
{"level":"info","message":"11:00:11 - Cart Updated"}
{"level":"info","message":"11:00:46 - Cart Updated"}
{"level":"error","message":"11:02:14 - Error to update product"}
{"level":"error","message":"11:03:08 - Error to update product"}
{"level":"info","message":"7/4/2024 - Product Id not found in this cart"}
{"level":"info","message":"7/4/2024 - 11:07:56 - Product Id not found in this cart"}
{"level":"error","message":"7/4/2024 - 11:18:41 - Error to delete product"}
{"level":"error","message":"7/4/2024 - 11:29:08 - Error to delete product"}
{"level":"error","message":"7/4/2024 - 11:29:39 - Error to delete product"}
{"level":"error","message":"7/4/2024 - 11:29:58 - Error to delete product"}
{"level":"error","message":"7/4/2024 - 11:30:22 - Error to delete product"}
{"level":"error","message":"7/4/2024 - 11:30:47 - Error to delete product"}
{"level":"error","message":"7/4/2024 - 11:31:29 - Error to delete product"}
{"level":"error","message":"7/4/2024 - 11:31:56 - Error to delete product"}
{"level":"error","message":"7/4/2024 - 11:37:36 - Error to delete product"}
{"level":"error","message":"7/4/2024 - 11:42:06 - Error to delete product"}
{"level":"error","message":"7/4/2024 - 11:50:22 - Error to delete product"}
{"level":"error","message":"7/4/2024 - 11:52:45 - Error to delete product"}
{"level":"info","message":"7/4/2024 - 11:53:14 - Empty Cart"}
{"level":"error","message":"7/4/2024 - 11:55:47 - Error to delete product"}
{"level":"info","message":"7/4/2024 - 11:56:45 - Empty Cart"}
{"level":"error","message":"7/4/2024 - 12:07:41 - Error to make the purchase"}
{"level":"error","message":"10/4/2024 - 9:01:04 - Error to add cart"}
{"level":"error","message":"10/4/2024 - 9:05:21 - Error to add product"}
{"level":"error","message":"10/4/2024 - 9:08:00 - Error to add product"}
{"level":"info","message":"10/4/2024 - 9:24:10 - Product Id not found in this cart"}
{"level":"error","message":"10/4/2024 - 9:43:03 - Error to create product"}
{"level":"error","message":"10/4/2024 - 9:43:36 - Error to create product"}
{"level":"error","message":"10/4/2024 - 9:44:01 - Error to create product"}
{"level":"error","message":"10/4/2024 - 9:51:36 - Error to create product - Code exists"}
{"level":"error","message":"10/4/2024 - 9:53:10 - Error to create product - Code exists"}
{"level":"error","message":"10/4/2024 - 9:55:12 - Error to create product - Code exists"}
{"level":"error","message":"10/4/2024 - 13:49:53 - Error to create product - Code exists"}
{"level":"error","message":"10/4/2024 - 13:50:02 - Error to create product - Code exists"}
{"level":"error","message":"10/4/2024 - 13:52:09 - Error to create product - Code exists"}
{"level":"error","message":"10/4/2024 - 13:52:29 - Error to create product - Code exists"}
{"level":"error","message":"17/4/2024 - 21:49:51 - Error to get user"}
{"level":"error","message":"17/4/2024 - 21:50:01 - Error to get user"}
{"level":"error","message":"17/4/2024 - 21:50:24 - Error to get user"}
{"level":"error","message":"17/4/2024 - 21:52:39 - Error to get user"}
{"level":"error","message":"17/4/2024 - 21:53:02 - Error to get user"}
{"level":"error","message":"17/4/2024 - 21:54:10 - Error to get user"}
{"level":"error","message":"17/4/2024 - 21:54:49 - Error to get user"}
{"level":"error","message":"17/4/2024 - 21:55:23 - Error to get user"}
{"level":"error","message":"17/4/2024 - 21:55:27 - Error to get user"}
{"level":"error","message":"17/4/2024 - 21:55:55 - Error to get user"}
{"level":"error","message":"18/4/2024 - 19:03:12 - Error to create product - Code exists"}
{"level":"error","message":"18/4/2024 - 19:04:56 - Error to create product - Code exists"}
{"level":"error","message":"18/4/2024 - 19:08:57 - Error to create product"}
{"level":"error","message":"18/4/2024 - 19:16:11 - Error to create product - Code exists"}
{"level":"error","message":"18/4/2024 - 19:21:44 - Error to create product - Code exists"}
{"level":"error","message":"18/4/2024 - 21:10:11 - Error to create product"}
{"level":"error","message":"18/4/2024 - 21:12:37 - Error to create product"}
{"level":"error","message":"18/4/2024 - 21:16:39 - Error to create product"}
{"level":"error","message":"18/4/2024 - 21:17:31 - Error to create product"}
{"level":"error","message":"18/4/2024 - 21:41:29 - Error to create product"}
{"level":"error","message":"18/4/2024 - 21:50:44 - Error to create product"}
{"level":"error","message":"18/4/2024 - 21:57:06 - Error to create product"}
{"level":"error","message":"18/4/2024 - 21:58:00 - Error to create product - Code exists"}
{"level":"error","message":"18/4/2024 - 21:58:00 - Error to create product"}
{"level":"error","message":"18/4/2024 - 22:00:00 - Error to create product - Code exists"}
{"level":"error","message":"18/4/2024 - 22:00:01 - Error to create product"}
{"level":"error","message":"18/4/2024 - 22:09:33 - Error to create product - Code exists"}
{"level":"error","message":"18/4/2024 - 22:09:33 - Error to create product"}
{"level":"error","message":"18/4/2024 - 22:13:08 - Error to create product - Code exists"}
{"level":"error","message":"18/4/2024 - 22:13:09 - Error to create product"}
{"level":"error","message":"18/4/2024 - 22:14:18 - Error to create product - Code exists"}
{"level":"error","message":"18/4/2024 - 22:14:18 - Error to create product"}
{"level":"error","message":"18/4/2024 - 22:14:42 - Error to create product - Code exists"}
{"level":"error","message":"18/4/2024 - 22:14:43 - Error to create product"}
{"level":"error","message":"18/4/2024 - 22:18:39 - Error to create product - Code exists"}
{"level":"error","message":"18/4/2024 - 22:18:40 - Error to create product"}
{"level":"error","message":"18/4/2024 - 22:19:29 - Error to create product - Code exists"}
{"level":"error","message":"18/4/2024 - 22:19:30 - Error to create product"}
{"level":"error","message":"18/4/2024 - 22:20:12 - Error to create product - Code exists"}
{"level":"error","message":"18/4/2024 - 22:20:12 - Error to create product"}
{"level":"error","message":"18/4/2024 - 22:20:51 - Error to create product - Code exists"}
{"level":"error","message":"18/4/2024 - 22:20:51 - Error to create product"}
{"level":"error","message":"18/4/2024 - 22:23:06 - Error to create product"}
{"level":"error","message":"18/4/2024 - 22:31:56 - Error to create product"}
{"level":"error","message":"18/4/2024 - 22:33:59 - Error to create product"}
{"level":"error","message":"18/4/2024 - 22:37:58 - Error to create product"}
{"level":"error","message":"18/4/2024 - 22:37:59 - Error to add product"}
{"level":"error","message":"18/4/2024 - 22:38:55 - Error to create product - Code exists"}
{"level":"error","message":"18/4/2024 - 22:38:55 - Error to create product - Code exists"}
{"level":"error","message":"18/4/2024 - 22:38:56 - Error to create product - Code exists"}
{"level":"error","message":"18/4/2024 - 22:38:56 - Error to add product"}
{"level":"error","message":"18/4/2024 - 22:40:22 - Error to create product"}
{"level":"error","message":"18/4/2024 - 22:40:23 - Error to add product"}
{"level":"error","message":"18/4/2024 - 22:48:25 - Error to create product"}
{"level":"error","message":"18/4/2024 - 22:48:26 - Error to add product"}
{"level":"error","message":"19/4/2024 - 6:39:45 - Error to create product"}
{"level":"error","message":"19/4/2024 - 6:39:46 - Error to add product"}
{"level":"error","message":"19/4/2024 - 6:40:30 - Error to create product - Code exists"}
{"level":"error","message":"19/4/2024 - 6:40:31 - Error to create product - Code exists"}
{"level":"error","message":"19/4/2024 - 6:40:32 - Error to create product - Code exists"}
{"level":"error","message":"19/4/2024 - 6:41:05 - Error to create product - Code exists"}
{"level":"error","message":"19/4/2024 - 6:41:06 - Error to create product - Code exists"}
{"level":"error","message":"19/4/2024 - 6:41:07 - Error to create product - Code exists"}
{"level":"error","message":"19/4/2024 - 6:42:11 - Error to create product"}
{"level":"error","message":"19/4/2024 - 6:42:12 - Error to add product"}
{"level":"error","message":"20/4/2024 - 10:02:17 - Error to create product - Code exists"}
{"level":"error","message":"20/4/2024 - 10:15:39 - Error to add product"}
{"level":"error","message":"20/4/2024 - 10:16:19 - Error to create product - Code exists"}
{"level":"error","message":"20/4/2024 - 10:16:46 - Error to add product"}
{"level":"error","message":"20/4/2024 - 10:18:02 - Error to create product - Code exists"}
{"level":"error","message":"20/4/2024 - 10:18:35 - Error to add product"}
{"level":"error","message":"20/4/2024 - 10:23:20 - Error to create product - Code exists"}
{"level":"error","message":"20/4/2024 - 10:23:58 - Error to add product"}
{"level":"error","message":"20/4/2024 - 10:28:07 - Error to add product"}
{"level":"error","message":"20/4/2024 - 10:36:49 - Error to create product - Code exists"}
{"level":"error","message":"20/4/2024 - 10:37:30 - Error to create product - Code exists"}
{"level":"error","message":"20/4/2024 - 10:49:43 - Error to add product"}
{"level":"error","message":"20/4/2024 - 10:50:24 - Error to create product - Code exists"}
{"level":"error","message":"20/4/2024 - 10:53:40 - Error to get product"}
{"level":"error","message":"20/4/2024 - 10:54:50 - Id does not exists"}
{"level":"info","message":"20/4/2024 - 11:01:50 - Empty Cart"}
{"level":"error","message":"20/4/2024 - 11:06:45 - Error to create product"}
{"level":"error","message":"23/4/2024 - 15:15:36 - Error to update user"}
{"level":"error","message":"23/4/2024 - 15:16:22 - Error to update user"}
{"level":"error","message":"23/4/2024 - 15:17:07 - Error to update user"}
{"level":"error","message":"23/4/2024 - 15:17:26 - Error to update user"}
{"level":"error","message":"23/4/2024 - 15:18:00 - Error to update user"}
{"level":"error","message":"23/4/2024 - 15:19:59 - Error to update user"}
{"level":"error","message":"23/4/2024 - 15:35:32 - Error to update user"}
{"level":"error","message":"28/4/2024 - 21:27:24 - Error to logout"}
{"level":"error","message":"29/4/2024 - 18:45:03 - Error to get user"}
{"level":"error","message":"29/4/2024 - 18:45:10 - Error to get user"}
{"level":"error","message":"29/4/2024 - 18:45:57 - Error to get user"}
{"level":"error","message":"29/4/2024 - 18:46:01 - Error to get user"}
{"level":"error","message":"29/4/2024 - 18:46:31 - Error to get user"}
{"level":"error","message":"29/4/2024 - 18:46:35 - Error to get user"}
{"level":"error","message":"29/4/2024 - 18:47:09 - Error to get user"}
{"level":"error","message":"29/4/2024 - 18:50:10 - Error to get user"}
{"level":"error","message":"29/4/2024 - 19:27:57 - Error to logout"}
{"level":"error","message":"29/4/2024 - 19:53:46 - Error to delete product"}
{"level":"error","message":"29/4/2024 - 19:54:21 - Error to delete product"}
{"level":"error","message":"29/4/2024 - 19:56:14 - Error to delete product"}
{"level":"error","message":"29/4/2024 - 19:58:09 - Error to delete product"}
{"level":"error","message":"29/4/2024 - 19:58:35 - Error to delete product"}
{"level":"error","message":"29/4/2024 - 20:01:09 - Error to delete product"}
{"level":"error","message":"29/4/2024 - 20:01:52 - Error to delete product"}
{"level":"error","message":"29/4/2024 - 20:41:03 - Error to delete product"}
