
{"level":"info","message":"Info message"}
{"level":"warning","message":"Warning message"}
{"level":"error","message":"Error message"}
{"level":"fatal","message":"Fatal message"}
{"level":"error","message":"13:32:49 - Error to restore password"}
{"level":"error","message":"18:33:32 - Error to get product"}
{"level":"error","message":"19:02:13 - Error to create product"}
{"level":"error","message":"19:02:20 - Error to create product"}
{"level":"error","message":"19:04:14 - Error to create product"}
{"kind":"ObjectId","level":"error","message":"Error Cast to ObjectId failed for value \"css\" (type string) at path \"_id\" for model \"products\"","path":"_id","reason":{},"stack":"CastError: Cast to ObjectId failed for value \"css\" (type string) at path \"_id\" for model \"products\"\n    at SchemaObjectId.cast (C:\\Users\\Pali\\Desktop\\CoderHouse\\coderhouse\\entrega14\\node_modules\\mongoose\\lib\\schema\\objectId.js:250:11)\n    at SchemaType.applySetters (C:\\Users\\Pali\\Desktop\\CoderHouse\\coderhouse\\entrega14\\node_modules\\mongoose\\lib\\schemaType.js:1219:12)\n    at SchemaType.castForQuery (C:\\Users\\Pali\\Desktop\\CoderHouse\\coderhouse\\entrega14\\node_modules\\mongoose\\lib\\schemaType.js:1633:15)\n    at cast (C:\\Users\\Pali\\Desktop\\CoderHouse\\coderhouse\\entrega14\\node_modules\\mongoose\\lib\\cast.js:375:32)\n    at Query.cast (C:\\Users\\Pali\\Desktop\\CoderHouse\\coderhouse\\entrega14\\node_modules\\mongoose\\lib\\query.js:4768:12)\n    at Query._castConditions (C:\\Users\\Pali\\Desktop\\CoderHouse\\coderhouse\\entrega14\\node_modules\\mongoose\\lib\\query.js:2200:10)\n    at model.Query._findOne (C:\\Users\\Pali\\Desktop\\CoderHouse\\coderhouse\\entrega14\\node_modules\\mongoose\\lib\\query.js:2484:8)\n    at model.Query.exec (C:\\Users\\Pali\\Desktop\\CoderHouse\\coderhouse\\entrega14\\node_modules\\mongoose\\lib\\query.js:4290:80)\n    at process.processTicksAndRejections (node:internal/process/task_queues:95:5)\n    at async updateProductPage (file:///C:/Users/Pali/Desktop/CoderHouse/coderhouse/entrega14/src/controllers/views.controller.js:88:19)","stringValue":"\"css\"","value":"css","valueType":"string"}
{"level":"error","message":"19:12:03 - Error to restore password"}
{"level":"error","message":"19:13:31 - Error to restore password"}
{"level":"error","message":"19:14:43 - Error to restore password"}
{"level":"error","message":"19:14:55 - Error to restore password"}
{"level":"error","message":"19:15:42 - Error to restore password"}
{"level":"error","message":"19:15:55 - Error to restore password"}
{"level":"error","message":"19:17:03 - Error to restore password"}
{"level":"error","message":"19:26:04 - Error to restore password"}
{"level":"error","message":"19:27:03 - Error to restore password"}
{"level":"error","message":"19:27:25 - Error to restore password"}
{"level":"error","message":"19:28:06 - Error to restore password"}
{"level":"error","message":"19:28:32 - Error to restore password"}
{"level":"error","message":"19:28:45 - Error to restore password"}
{"level":"error","message":"19:29:07 - Error to restore password"}
{"level":"error","message":"19:30:02 - Error to restore password"}
{"level":"error","message":"19:33:23 - Error to restore password"}
